<?xml version="1.0" encoding="UTF-8"?>
<robot generator="Robot 6.1.1 (Python 3.10.12 on linux)" generated="20231116 17:55:23.244" rpa="false" schemaversion="4">
<suite id="s1" name="Tests" source="/home/lassevil/Projects/Ohtu/palautusrepositorio/viikko3/web-login/src/tests">
<suite id="s1-s1" name="Home" source="/home/lassevil/Projects/Ohtu/palautusrepositorio/viikko3/web-login/src/tests/home.robot">
<kw name="Open And Configure Browser" library="resource" type="SETUP">
<kw name="Evaluate" library="BuiltIn">
<var>${options}</var>
<arg>sys.modules['selenium.webdriver'].ChromeOptions()</arg>
<arg>sys</arg>
<doc>Evaluates the given expression in Python and returns the result.</doc>
<msg timestamp="20231116 17:55:23.388" level="INFO">${options} = &lt;selenium.webdriver.chrome.options.Options object at 0x7f641befd660&gt;</msg>
<status status="PASS" starttime="20231116 17:55:23.388" endtime="20231116 17:55:23.388"/>
</kw>
<kw name="Call Method" library="BuiltIn">
<arg>${options}</arg>
<arg>add_argument</arg>
<arg>--no-sandbox</arg>
<doc>Calls the named method of the given object with the provided arguments.</doc>
<status status="PASS" starttime="20231116 17:55:23.388" endtime="20231116 17:55:23.388"/>
</kw>
<kw name="Open Browser" library="SeleniumLibrary">
<arg>browser=chrome</arg>
<arg>options=${options}</arg>
<doc>Opens a new browser instance to the optional ``url``.</doc>
<msg timestamp="20231116 17:55:23.389" level="INFO">Opening browser 'chrome' to base url 'None'.</msg>
<status status="PASS" starttime="20231116 17:55:23.388" endtime="20231116 17:55:24.462"/>
</kw>
<kw name="Set Selenium Speed" library="SeleniumLibrary">
<arg>${DELAY}</arg>
<doc>Sets the delay that is waited after each Selenium command.</doc>
<status status="PASS" starttime="20231116 17:55:24.462" endtime="20231116 17:55:24.462"/>
</kw>
<status status="PASS" starttime="20231116 17:55:23.387" endtime="20231116 17:55:24.462"/>
</kw>
<test id="s1-s1-t1" name="Click Login Link" line="8">
<kw name="Go To Starting Page" library="resource" type="SETUP">
<kw name="Go To" library="SeleniumLibrary">
<arg>${HOME_URL}</arg>
<doc>Navigates the current browser window to the provided ``url``.</doc>
<msg timestamp="20231116 17:55:24.464" level="INFO">Opening url 'http://localhost:5001'</msg>
<status status="PASS" starttime="20231116 17:55:24.463" endtime="20231116 17:55:24.574"/>
</kw>
<status status="PASS" starttime="20231116 17:55:24.463" endtime="20231116 17:55:24.574"/>
</kw>
<kw name="Click Link" library="SeleniumLibrary">
<arg>Login</arg>
<doc>Clicks a link identified by ``locator``.</doc>
<msg timestamp="20231116 17:55:24.576" level="INFO">Clicking link 'Login'.</msg>
<status status="PASS" starttime="20231116 17:55:24.574" endtime="20231116 17:55:24.664"/>
</kw>
<kw name="Login Page Should Be Open" library="resource">
<kw name="Title Should Be" library="SeleniumLibrary">
<arg>Login</arg>
<doc>Verifies that the current page title equals ``title``.</doc>
<msg timestamp="20231116 17:55:24.669" level="INFO">Page title is 'Login'.</msg>
<status status="PASS" starttime="20231116 17:55:24.665" endtime="20231116 17:55:24.669"/>
</kw>
<status status="PASS" starttime="20231116 17:55:24.664" endtime="20231116 17:55:24.669"/>
</kw>
<status status="PASS" starttime="20231116 17:55:24.462" endtime="20231116 17:55:24.669"/>
</test>
<test id="s1-s1-t2" name="Click Register Link" line="12">
<kw name="Go To Starting Page" library="resource" type="SETUP">
<kw name="Go To" library="SeleniumLibrary">
<arg>${HOME_URL}</arg>
<doc>Navigates the current browser window to the provided ``url``.</doc>
<msg timestamp="20231116 17:55:24.671" level="INFO">Opening url 'http://localhost:5001'</msg>
<status status="PASS" starttime="20231116 17:55:24.671" endtime="20231116 17:55:24.688"/>
</kw>
<status status="PASS" starttime="20231116 17:55:24.670" endtime="20231116 17:55:24.688"/>
</kw>
<kw name="Click Link" library="SeleniumLibrary">
<arg>Register new user</arg>
<doc>Clicks a link identified by ``locator``.</doc>
<msg timestamp="20231116 17:55:24.690" level="INFO">Clicking link 'Register new user'.</msg>
<status status="PASS" starttime="20231116 17:55:24.689" endtime="20231116 17:55:24.746"/>
</kw>
<kw name="Register Page Should Be Open" library="resource">
<kw name="Title Should Be" library="SeleniumLibrary">
<arg>Register</arg>
<doc>Verifies that the current page title equals ``title``.</doc>
<msg timestamp="20231116 17:55:24.750" level="INFO">Page title is 'Register'.</msg>
<status status="PASS" starttime="20231116 17:55:24.747" endtime="20231116 17:55:24.750"/>
</kw>
<status status="PASS" starttime="20231116 17:55:24.747" endtime="20231116 17:55:24.750"/>
</kw>
<status status="PASS" starttime="20231116 17:55:24.670" endtime="20231116 17:55:24.750"/>
</test>
<kw name="Close Browser" library="SeleniumLibrary" type="TEARDOWN">
<doc>Closes the current browser.</doc>
<status status="PASS" starttime="20231116 17:55:24.751" endtime="20231116 17:55:24.819"/>
</kw>
<status status="PASS" starttime="20231116 17:55:23.258" endtime="20231116 17:55:24.819"/>
</suite>
<suite id="s1-s2" name="Login" source="/home/lassevil/Projects/Ohtu/palautusrepositorio/viikko3/web-login/src/tests/login.robot">
<kw name="Open And Configure Browser" library="resource" type="SETUP">
<kw name="Evaluate" library="BuiltIn">
<var>${options}</var>
<arg>sys.modules['selenium.webdriver'].ChromeOptions()</arg>
<arg>sys</arg>
<doc>Evaluates the given expression in Python and returns the result.</doc>
<msg timestamp="20231116 17:55:24.829" level="INFO">${options} = &lt;selenium.webdriver.chrome.options.Options object at 0x7f641befe740&gt;</msg>
<status status="PASS" starttime="20231116 17:55:24.828" endtime="20231116 17:55:24.829"/>
</kw>
<kw name="Call Method" library="BuiltIn">
<arg>${options}</arg>
<arg>add_argument</arg>
<arg>--no-sandbox</arg>
<doc>Calls the named method of the given object with the provided arguments.</doc>
<status status="PASS" starttime="20231116 17:55:24.829" endtime="20231116 17:55:24.829"/>
</kw>
<kw name="Open Browser" library="SeleniumLibrary">
<arg>browser=chrome</arg>
<arg>options=${options}</arg>
<doc>Opens a new browser instance to the optional ``url``.</doc>
<msg timestamp="20231116 17:55:24.830" level="INFO">Opening browser 'chrome' to base url 'None'.</msg>
<status status="PASS" starttime="20231116 17:55:24.829" endtime="20231116 17:55:25.939"/>
</kw>
<kw name="Set Selenium Speed" library="SeleniumLibrary">
<arg>${DELAY}</arg>
<doc>Sets the delay that is waited after each Selenium command.</doc>
<status status="PASS" starttime="20231116 17:55:25.940" endtime="20231116 17:55:25.940"/>
</kw>
<status status="PASS" starttime="20231116 17:55:24.828" endtime="20231116 17:55:25.940"/>
</kw>
<test id="s1-s2-t1" name="Login With Correct Credentials" line="8">
<kw name="Create User And Go To Login Page" type="SETUP">
<kw name="Create User" library="AppLibrary">
<arg>kalle</arg>
<arg>kalle123</arg>
<status status="PASS" starttime="20231116 17:55:25.941" endtime="20231116 17:55:25.949"/>
</kw>
<kw name="Go To Login Page" library="resource">
<kw name="Go To" library="SeleniumLibrary">
<arg>${LOGIN_URL}</arg>
<doc>Navigates the current browser window to the provided ``url``.</doc>
<msg timestamp="20231116 17:55:25.950" level="INFO">Opening url 'http://localhost:5001/login'</msg>
<status status="PASS" starttime="20231116 17:55:25.950" endtime="20231116 17:55:26.069"/>
</kw>
<status status="PASS" starttime="20231116 17:55:25.950" endtime="20231116 17:55:26.070"/>
</kw>
<kw name="Login Page Should Be Open" library="resource">
<kw name="Title Should Be" library="SeleniumLibrary">
<arg>Login</arg>
<doc>Verifies that the current page title equals ``title``.</doc>
<msg timestamp="20231116 17:55:26.082" level="INFO">Page title is 'Login'.</msg>
<status status="PASS" starttime="20231116 17:55:26.071" endtime="20231116 17:55:26.082"/>
</kw>
<status status="PASS" starttime="20231116 17:55:26.070" endtime="20231116 17:55:26.082"/>
</kw>
<status status="PASS" starttime="20231116 17:55:25.941" endtime="20231116 17:55:26.082"/>
</kw>
<kw name="Set Username">
<arg>kalle</arg>
<kw name="Input Text" library="SeleniumLibrary">
<arg>username</arg>
<arg>${username}</arg>
<doc>Types the given ``text`` into the text field identified by ``locator``.</doc>
<msg timestamp="20231116 17:55:26.085" level="INFO">Typing text 'kalle' into text field 'username'.</msg>
<status status="PASS" starttime="20231116 17:55:26.083" endtime="20231116 17:55:26.162"/>
</kw>
<status status="PASS" starttime="20231116 17:55:26.083" endtime="20231116 17:55:26.162"/>
</kw>
<kw name="Set Password">
<arg>kalle123</arg>
<kw name="Input Password" library="SeleniumLibrary">
<arg>password</arg>
<arg>${password}</arg>
<doc>Types the given password into the text field identified by ``locator``.</doc>
<msg timestamp="20231116 17:55:26.163" level="INFO">Typing password into text field 'password'.</msg>
<msg timestamp="20231116 17:55:26.190" level="INFO">Temporally setting log level to: NONE</msg>
<msg timestamp="20231116 17:55:26.216" level="INFO">Log level changed from NONE to INFO.</msg>
<status status="PASS" starttime="20231116 17:55:26.163" endtime="20231116 17:55:26.216"/>
</kw>
<status status="PASS" starttime="20231116 17:55:26.163" endtime="20231116 17:55:26.216"/>
</kw>
<kw name="Submit Credentials">
<kw name="Click Button" library="SeleniumLibrary">
<arg>Login</arg>
<doc>Clicks the button identified by ``locator``.</doc>
<msg timestamp="20231116 17:55:26.217" level="INFO">Clicking button 'Login'.</msg>
<status status="PASS" starttime="20231116 17:55:26.217" endtime="20231116 17:55:26.284"/>
</kw>
<status status="PASS" starttime="20231116 17:55:26.217" endtime="20231116 17:55:26.284"/>
</kw>
<kw name="Login Should Succeed">
<kw name="Main Page Should Be Open" library="resource">
<kw name="Title Should Be" library="SeleniumLibrary">
<arg>Ohtu Application main page</arg>
<doc>Verifies that the current page title equals ``title``.</doc>
<msg timestamp="20231116 17:55:26.287" level="INFO">Page title is 'Ohtu Application main page'.</msg>
<status status="PASS" starttime="20231116 17:55:26.285" endtime="20231116 17:55:26.287"/>
</kw>
<status status="PASS" starttime="20231116 17:55:26.285" endtime="20231116 17:55:26.287"/>
</kw>
<status status="PASS" starttime="20231116 17:55:26.284" endtime="20231116 17:55:26.288"/>
</kw>
<status status="PASS" starttime="20231116 17:55:25.940" endtime="20231116 17:55:26.288"/>
</test>
<test id="s1-s2-t2" name="Login With Incorrect Password" line="14">
<kw name="Create User And Go To Login Page" type="SETUP">
<kw name="Create User" library="AppLibrary">
<arg>kalle</arg>
<arg>kalle123</arg>
<status status="PASS" starttime="20231116 17:55:26.289" endtime="20231116 17:55:26.298"/>
</kw>
<kw name="Go To Login Page" library="resource">
<kw name="Go To" library="SeleniumLibrary">
<arg>${LOGIN_URL}</arg>
<doc>Navigates the current browser window to the provided ``url``.</doc>
<msg timestamp="20231116 17:55:26.298" level="INFO">Opening url 'http://localhost:5001/login'</msg>
<status status="PASS" starttime="20231116 17:55:26.298" endtime="20231116 17:55:26.315"/>
</kw>
<status status="PASS" starttime="20231116 17:55:26.298" endtime="20231116 17:55:26.315"/>
</kw>
<kw name="Login Page Should Be Open" library="resource">
<kw name="Title Should Be" library="SeleniumLibrary">
<arg>Login</arg>
<doc>Verifies that the current page title equals ``title``.</doc>
<msg timestamp="20231116 17:55:26.318" level="INFO">Page title is 'Login'.</msg>
<status status="PASS" starttime="20231116 17:55:26.316" endtime="20231116 17:55:26.318"/>
</kw>
<status status="PASS" starttime="20231116 17:55:26.315" endtime="20231116 17:55:26.319"/>
</kw>
<status status="PASS" starttime="20231116 17:55:26.288" endtime="20231116 17:55:26.319"/>
</kw>
<kw name="Set Username">
<arg>kalle</arg>
<kw name="Input Text" library="SeleniumLibrary">
<arg>username</arg>
<arg>${username}</arg>
<doc>Types the given ``text`` into the text field identified by ``locator``.</doc>
<msg timestamp="20231116 17:55:26.320" level="INFO">Typing text 'kalle' into text field 'username'.</msg>
<status status="PASS" starttime="20231116 17:55:26.319" endtime="20231116 17:55:26.372"/>
</kw>
<status status="PASS" starttime="20231116 17:55:26.319" endtime="20231116 17:55:26.372"/>
</kw>
<kw name="Set Password">
<arg>kalle456</arg>
<kw name="Input Password" library="SeleniumLibrary">
<arg>password</arg>
<arg>${password}</arg>
<doc>Types the given password into the text field identified by ``locator``.</doc>
<msg timestamp="20231116 17:55:26.373" level="INFO">Typing password into text field 'password'.</msg>
<msg timestamp="20231116 17:55:26.395" level="INFO">Temporally setting log level to: NONE</msg>
<msg timestamp="20231116 17:55:26.425" level="INFO">Log level changed from NONE to INFO.</msg>
<status status="PASS" starttime="20231116 17:55:26.373" endtime="20231116 17:55:26.425"/>
</kw>
<status status="PASS" starttime="20231116 17:55:26.373" endtime="20231116 17:55:26.425"/>
</kw>
<kw name="Submit Credentials">
<kw name="Click Button" library="SeleniumLibrary">
<arg>Login</arg>
<doc>Clicks the button identified by ``locator``.</doc>
<msg timestamp="20231116 17:55:26.426" level="INFO">Clicking button 'Login'.</msg>
<status status="PASS" starttime="20231116 17:55:26.426" endtime="20231116 17:55:26.473"/>
</kw>
<status status="PASS" starttime="20231116 17:55:26.425" endtime="20231116 17:55:26.473"/>
</kw>
<kw name="Login Should Fail With Message">
<arg>Invalid username or password</arg>
<kw name="Login Page Should Be Open" library="resource">
<kw name="Title Should Be" library="SeleniumLibrary">
<arg>Login</arg>
<doc>Verifies that the current page title equals ``title``.</doc>
<msg timestamp="20231116 17:55:26.477" level="INFO">Page title is 'Login'.</msg>
<status status="PASS" starttime="20231116 17:55:26.474" endtime="20231116 17:55:26.478"/>
</kw>
<status status="PASS" starttime="20231116 17:55:26.474" endtime="20231116 17:55:26.478"/>
</kw>
<kw name="Page Should Contain" library="SeleniumLibrary">
<arg>${message}</arg>
<doc>Verifies that current page contains ``text``.</doc>
<msg timestamp="20231116 17:55:26.488" level="INFO">Current page contains text 'Invalid username or password'.</msg>
<status status="PASS" starttime="20231116 17:55:26.478" endtime="20231116 17:55:26.488"/>
</kw>
<status status="PASS" starttime="20231116 17:55:26.473" endtime="20231116 17:55:26.488"/>
</kw>
<status status="PASS" starttime="20231116 17:55:26.288" endtime="20231116 17:55:26.488"/>
</test>
<test id="s1-s2-t3" name="Login With Nonexistent Username" line="20">
<kw name="Create User And Go To Login Page" type="SETUP">
<kw name="Create User" library="AppLibrary">
<arg>kalle</arg>
<arg>kalle123</arg>
<status status="PASS" starttime="20231116 17:55:26.490" endtime="20231116 17:55:26.498"/>
</kw>
<kw name="Go To Login Page" library="resource">
<kw name="Go To" library="SeleniumLibrary">
<arg>${LOGIN_URL}</arg>
<doc>Navigates the current browser window to the provided ``url``.</doc>
<msg timestamp="20231116 17:55:26.498" level="INFO">Opening url 'http://localhost:5001/login'</msg>
<status status="PASS" starttime="20231116 17:55:26.498" endtime="20231116 17:55:26.513"/>
</kw>
<status status="PASS" starttime="20231116 17:55:26.498" endtime="20231116 17:55:26.514"/>
</kw>
<kw name="Login Page Should Be Open" library="resource">
<kw name="Title Should Be" library="SeleniumLibrary">
<arg>Login</arg>
<doc>Verifies that the current page title equals ``title``.</doc>
<msg timestamp="20231116 17:55:26.516" level="INFO">Page title is 'Login'.</msg>
<status status="PASS" starttime="20231116 17:55:26.514" endtime="20231116 17:55:26.516"/>
</kw>
<status status="PASS" starttime="20231116 17:55:26.514" endtime="20231116 17:55:26.517"/>
</kw>
<status status="PASS" starttime="20231116 17:55:26.490" endtime="20231116 17:55:26.517"/>
</kw>
<kw name="Set Username">
<arg>kille</arg>
<kw name="Input Text" library="SeleniumLibrary">
<arg>username</arg>
<arg>${username}</arg>
<doc>Types the given ``text`` into the text field identified by ``locator``.</doc>
<msg timestamp="20231116 17:55:26.517" level="INFO">Typing text 'kille' into text field 'username'.</msg>
<status status="PASS" starttime="20231116 17:55:26.517" endtime="20231116 17:55:26.567"/>
</kw>
<status status="PASS" starttime="20231116 17:55:26.517" endtime="20231116 17:55:26.567"/>
</kw>
<kw name="Set Password">
<arg>kalle123</arg>
<kw name="Input Password" library="SeleniumLibrary">
<arg>password</arg>
<arg>${password}</arg>
<doc>Types the given password into the text field identified by ``locator``.</doc>
<msg timestamp="20231116 17:55:26.568" level="INFO">Typing password into text field 'password'.</msg>
<msg timestamp="20231116 17:55:26.590" level="INFO">Temporally setting log level to: NONE</msg>
<msg timestamp="20231116 17:55:26.616" level="INFO">Log level changed from NONE to INFO.</msg>
<status status="PASS" starttime="20231116 17:55:26.568" endtime="20231116 17:55:26.616"/>
</kw>
<status status="PASS" starttime="20231116 17:55:26.567" endtime="20231116 17:55:26.616"/>
</kw>
<kw name="Submit Credentials">
<kw name="Click Button" library="SeleniumLibrary">
<arg>Login</arg>
<doc>Clicks the button identified by ``locator``.</doc>
<msg timestamp="20231116 17:55:26.617" level="INFO">Clicking button 'Login'.</msg>
<status status="PASS" starttime="20231116 17:55:26.617" endtime="20231116 17:55:26.666"/>
</kw>
<status status="PASS" starttime="20231116 17:55:26.616" endtime="20231116 17:55:26.666"/>
</kw>
<kw name="Login Should Fail With Message">
<arg>Invalid username or password</arg>
<kw name="Login Page Should Be Open" library="resource">
<kw name="Title Should Be" library="SeleniumLibrary">
<arg>Login</arg>
<doc>Verifies that the current page title equals ``title``.</doc>
<msg timestamp="20231116 17:55:26.669" level="INFO">Page title is 'Login'.</msg>
<status status="PASS" starttime="20231116 17:55:26.667" endtime="20231116 17:55:26.669"/>
</kw>
<status status="PASS" starttime="20231116 17:55:26.666" endtime="20231116 17:55:26.669"/>
</kw>
<kw name="Page Should Contain" library="SeleniumLibrary">
<arg>${message}</arg>
<doc>Verifies that current page contains ``text``.</doc>
<msg timestamp="20231116 17:55:26.679" level="INFO">Current page contains text 'Invalid username or password'.</msg>
<status status="PASS" starttime="20231116 17:55:26.670" endtime="20231116 17:55:26.679"/>
</kw>
<status status="PASS" starttime="20231116 17:55:26.666" endtime="20231116 17:55:26.680"/>
</kw>
<status status="PASS" starttime="20231116 17:55:26.489" endtime="20231116 17:55:26.680"/>
</test>
<kw name="Close Browser" library="SeleniumLibrary" type="TEARDOWN">
<doc>Closes the current browser.</doc>
<status status="PASS" starttime="20231116 17:55:26.680" endtime="20231116 17:55:26.743"/>
</kw>
<status status="PASS" starttime="20231116 17:55:24.820" endtime="20231116 17:55:26.743"/>
</suite>
<suite id="s1-s3" name="Register" source="/home/lassevil/Projects/Ohtu/palautusrepositorio/viikko3/web-login/src/tests/register.robot">
<kw name="Open And Configure Browser" library="resource" type="SETUP">
<kw name="Evaluate" library="BuiltIn">
<var>${options}</var>
<arg>sys.modules['selenium.webdriver'].ChromeOptions()</arg>
<arg>sys</arg>
<doc>Evaluates the given expression in Python and returns the result.</doc>
<msg timestamp="20231116 17:55:26.751" level="INFO">${options} = &lt;selenium.webdriver.chrome.options.Options object at 0x7f641bc4ff40&gt;</msg>
<status status="PASS" starttime="20231116 17:55:26.751" endtime="20231116 17:55:26.751"/>
</kw>
<kw name="Call Method" library="BuiltIn">
<arg>${options}</arg>
<arg>add_argument</arg>
<arg>--no-sandbox</arg>
<doc>Calls the named method of the given object with the provided arguments.</doc>
<status status="PASS" starttime="20231116 17:55:26.752" endtime="20231116 17:55:26.752"/>
</kw>
<kw name="Open Browser" library="SeleniumLibrary">
<arg>browser=chrome</arg>
<arg>options=${options}</arg>
<doc>Opens a new browser instance to the optional ``url``.</doc>
<msg timestamp="20231116 17:55:26.753" level="INFO">Opening browser 'chrome' to base url 'None'.</msg>
<status status="PASS" starttime="20231116 17:55:26.752" endtime="20231116 17:55:27.848"/>
</kw>
<kw name="Set Selenium Speed" library="SeleniumLibrary">
<arg>${DELAY}</arg>
<doc>Sets the delay that is waited after each Selenium command.</doc>
<status status="PASS" starttime="20231116 17:55:27.848" endtime="20231116 17:55:27.848"/>
</kw>
<status status="PASS" starttime="20231116 17:55:26.750" endtime="20231116 17:55:27.848"/>
</kw>
<test id="s1-s3-t1" name="Register With Valid Username And Password" line="8">
<kw name="Go To Register Page" library="resource" type="SETUP">
<kw name="Go To" library="SeleniumLibrary">
<arg>${REGISTER_URL}</arg>
<doc>Navigates the current browser window to the provided ``url``.</doc>
<msg timestamp="20231116 17:55:27.849" level="INFO">Opening url 'http://localhost:5001/register'</msg>
<status status="PASS" starttime="20231116 17:55:27.849" endtime="20231116 17:55:27.941"/>
</kw>
<status status="PASS" starttime="20231116 17:55:27.849" endtime="20231116 17:55:27.941"/>
</kw>
<kw name="Set Username">
<arg>anssi</arg>
<kw name="Input Text" library="SeleniumLibrary">
<arg>username</arg>
<arg>${username}</arg>
<doc>Types the given ``text`` into the text field identified by ``locator``.</doc>
<msg timestamp="20231116 17:55:27.944" level="INFO">Typing text 'anssi' into text field 'username'.</msg>
<status status="PASS" starttime="20231116 17:55:27.942" endtime="20231116 17:55:28.038"/>
</kw>
<status status="PASS" starttime="20231116 17:55:27.942" endtime="20231116 17:55:28.038"/>
</kw>
<kw name="Set Password">
<arg>kela1972</arg>
<kw name="Input Password" library="SeleniumLibrary">
<arg>password</arg>
<arg>${password}</arg>
<doc>Types the given password into the text field identified by ``locator``.</doc>
<msg timestamp="20231116 17:55:28.040" level="INFO">Typing password into text field 'password'.</msg>
<msg timestamp="20231116 17:55:28.066" level="INFO">Temporally setting log level to: NONE</msg>
<msg timestamp="20231116 17:55:28.094" level="INFO">Log level changed from NONE to INFO.</msg>
<status status="PASS" starttime="20231116 17:55:28.039" endtime="20231116 17:55:28.095"/>
</kw>
<status status="PASS" starttime="20231116 17:55:28.039" endtime="20231116 17:55:28.095"/>
</kw>
<kw name="Set Password Confirmation">
<arg>kela1972</arg>
<kw name="Input Password" library="SeleniumLibrary">
<arg>password_confirmation</arg>
<arg>${password_confirmation}</arg>
<doc>Types the given password into the text field identified by ``locator``.</doc>
<msg timestamp="20231116 17:55:28.096" level="INFO">Typing password into text field 'password_confirmation'.</msg>
<msg timestamp="20231116 17:55:28.121" level="INFO">Temporally setting log level to: NONE</msg>
<msg timestamp="20231116 17:55:28.148" level="INFO">Log level changed from NONE to INFO.</msg>
<status status="PASS" starttime="20231116 17:55:28.095" endtime="20231116 17:55:28.149"/>
</kw>
<status status="PASS" starttime="20231116 17:55:28.095" endtime="20231116 17:55:28.149"/>
</kw>
<kw name="Submit Credentials">
<kw name="Click Button" library="SeleniumLibrary">
<arg>Register</arg>
<doc>Clicks the button identified by ``locator``.</doc>
<msg timestamp="20231116 17:55:28.150" level="INFO">Clicking button 'Register'.</msg>
<status status="PASS" starttime="20231116 17:55:28.149" endtime="20231116 17:55:28.214"/>
</kw>
<status status="PASS" starttime="20231116 17:55:28.149" endtime="20231116 17:55:28.214"/>
</kw>
<kw name="Register Should Succeed">
<kw name="Welcome Page Should Be Open" library="resource">
<kw name="Title Should Be" library="SeleniumLibrary">
<arg>Welcome to Ohtu Application!</arg>
<doc>Verifies that the current page title equals ``title``.</doc>
<msg timestamp="20231116 17:55:28.219" level="INFO">Page title is 'Welcome to Ohtu Application!'.</msg>
<status status="PASS" starttime="20231116 17:55:28.215" endtime="20231116 17:55:28.219"/>
</kw>
<status status="PASS" starttime="20231116 17:55:28.215" endtime="20231116 17:55:28.219"/>
</kw>
<status status="PASS" starttime="20231116 17:55:28.215" endtime="20231116 17:55:28.220"/>
</kw>
<status status="PASS" starttime="20231116 17:55:27.848" endtime="20231116 17:55:28.220"/>
</test>
<test id="s1-s3-t2" name="Register With Too Short Username And Valid Password" line="15">
<kw name="Go To Register Page" library="resource" type="SETUP">
<kw name="Go To" library="SeleniumLibrary">
<arg>${REGISTER_URL}</arg>
<doc>Navigates the current browser window to the provided ``url``.</doc>
<msg timestamp="20231116 17:55:28.222" level="INFO">Opening url 'http://localhost:5001/register'</msg>
<status status="PASS" starttime="20231116 17:55:28.222" endtime="20231116 17:55:28.239"/>
</kw>
<status status="PASS" starttime="20231116 17:55:28.221" endtime="20231116 17:55:28.239"/>
</kw>
<kw name="Set Username">
<arg>me</arg>
<kw name="Input Text" library="SeleniumLibrary">
<arg>username</arg>
<arg>${username}</arg>
<doc>Types the given ``text`` into the text field identified by ``locator``.</doc>
<msg timestamp="20231116 17:55:28.240" level="INFO">Typing text 'me' into text field 'username'.</msg>
<status status="PASS" starttime="20231116 17:55:28.240" endtime="20231116 17:55:28.290"/>
</kw>
<status status="PASS" starttime="20231116 17:55:28.239" endtime="20231116 17:55:28.290"/>
</kw>
<kw name="Set Password">
<arg>bonbonny1</arg>
<kw name="Input Password" library="SeleniumLibrary">
<arg>password</arg>
<arg>${password}</arg>
<doc>Types the given password into the text field identified by ``locator``.</doc>
<msg timestamp="20231116 17:55:28.292" level="INFO">Typing password into text field 'password'.</msg>
<msg timestamp="20231116 17:55:28.315" level="INFO">Temporally setting log level to: NONE</msg>
<msg timestamp="20231116 17:55:28.342" level="INFO">Log level changed from NONE to INFO.</msg>
<status status="PASS" starttime="20231116 17:55:28.291" endtime="20231116 17:55:28.343"/>
</kw>
<status status="PASS" starttime="20231116 17:55:28.291" endtime="20231116 17:55:28.343"/>
</kw>
<kw name="Set Password Confirmation">
<arg>bonbonny1</arg>
<kw name="Input Password" library="SeleniumLibrary">
<arg>password_confirmation</arg>
<arg>${password_confirmation}</arg>
<doc>Types the given password into the text field identified by ``locator``.</doc>
<msg timestamp="20231116 17:55:28.344" level="INFO">Typing password into text field 'password_confirmation'.</msg>
<msg timestamp="20231116 17:55:28.364" level="INFO">Temporally setting log level to: NONE</msg>
<msg timestamp="20231116 17:55:28.393" level="INFO">Log level changed from NONE to INFO.</msg>
<status status="PASS" starttime="20231116 17:55:28.343" endtime="20231116 17:55:28.394"/>
</kw>
<status status="PASS" starttime="20231116 17:55:28.343" endtime="20231116 17:55:28.394"/>
</kw>
<kw name="Submit Credentials">
<kw name="Click Button" library="SeleniumLibrary">
<arg>Register</arg>
<doc>Clicks the button identified by ``locator``.</doc>
<msg timestamp="20231116 17:55:28.395" level="INFO">Clicking button 'Register'.</msg>
<status status="PASS" starttime="20231116 17:55:28.394" endtime="20231116 17:55:28.444"/>
</kw>
<status status="PASS" starttime="20231116 17:55:28.394" endtime="20231116 17:55:28.444"/>
</kw>
<kw name="Register Should Fail With Message">
<arg>Username was too short</arg>
<kw name="Register Page Should Be Open" library="resource">
<kw name="Title Should Be" library="SeleniumLibrary">
<arg>Register</arg>
<doc>Verifies that the current page title equals ``title``.</doc>
<msg timestamp="20231116 17:55:28.463" level="INFO">Page title is 'Register'.</msg>
<status status="PASS" starttime="20231116 17:55:28.444" endtime="20231116 17:55:28.464"/>
</kw>
<status status="PASS" starttime="20231116 17:55:28.444" endtime="20231116 17:55:28.464"/>
</kw>
<kw name="Page Should Contain" library="SeleniumLibrary">
<arg>${message}</arg>
<doc>Verifies that current page contains ``text``.</doc>
<msg timestamp="20231116 17:55:28.475" level="INFO">Current page contains text 'Username was too short'.</msg>
<status status="PASS" starttime="20231116 17:55:28.464" endtime="20231116 17:55:28.475"/>
</kw>
<status status="PASS" starttime="20231116 17:55:28.444" endtime="20231116 17:55:28.475"/>
</kw>
<status status="PASS" starttime="20231116 17:55:28.220" endtime="20231116 17:55:28.475"/>
</test>
<test id="s1-s3-t3" name="Register With Valid Username And Invalid Password" line="22">
<kw name="Go To Register Page" library="resource" type="SETUP">
<kw name="Go To" library="SeleniumLibrary">
<arg>${REGISTER_URL}</arg>
<doc>Navigates the current browser window to the provided ``url``.</doc>
<msg timestamp="20231116 17:55:28.476" level="INFO">Opening url 'http://localhost:5001/register'</msg>
<status status="PASS" starttime="20231116 17:55:28.476" endtime="20231116 17:55:28.488"/>
</kw>
<status status="PASS" starttime="20231116 17:55:28.476" endtime="20231116 17:55:28.489"/>
</kw>
<kw name="Set Username">
<arg>mister</arg>
<kw name="Input Text" library="SeleniumLibrary">
<arg>username</arg>
<arg>${username}</arg>
<doc>Types the given ``text`` into the text field identified by ``locator``.</doc>
<msg timestamp="20231116 17:55:28.490" level="INFO">Typing text 'mister' into text field 'username'.</msg>
<status status="PASS" starttime="20231116 17:55:28.489" endtime="20231116 17:55:28.539"/>
</kw>
<status status="PASS" starttime="20231116 17:55:28.489" endtime="20231116 17:55:28.540"/>
</kw>
<kw name="Set Password">
<arg>spock</arg>
<kw name="Input Password" library="SeleniumLibrary">
<arg>password</arg>
<arg>${password}</arg>
<doc>Types the given password into the text field identified by ``locator``.</doc>
<msg timestamp="20231116 17:55:28.540" level="INFO">Typing password into text field 'password'.</msg>
<msg timestamp="20231116 17:55:28.561" level="INFO">Temporally setting log level to: NONE</msg>
<msg timestamp="20231116 17:55:28.587" level="INFO">Log level changed from NONE to INFO.</msg>
<status status="PASS" starttime="20231116 17:55:28.540" endtime="20231116 17:55:28.587"/>
</kw>
<status status="PASS" starttime="20231116 17:55:28.540" endtime="20231116 17:55:28.587"/>
</kw>
<kw name="Set Password Confirmation">
<arg>spock</arg>
<kw name="Input Password" library="SeleniumLibrary">
<arg>password_confirmation</arg>
<arg>${password_confirmation}</arg>
<doc>Types the given password into the text field identified by ``locator``.</doc>
<msg timestamp="20231116 17:55:28.588" level="INFO">Typing password into text field 'password_confirmation'.</msg>
<msg timestamp="20231116 17:55:28.610" level="INFO">Temporally setting log level to: NONE</msg>
<msg timestamp="20231116 17:55:28.634" level="INFO">Log level changed from NONE to INFO.</msg>
<status status="PASS" starttime="20231116 17:55:28.588" endtime="20231116 17:55:28.634"/>
</kw>
<status status="PASS" starttime="20231116 17:55:28.587" endtime="20231116 17:55:28.634"/>
</kw>
<kw name="Submit Credentials">
<kw name="Click Button" library="SeleniumLibrary">
<arg>Register</arg>
<doc>Clicks the button identified by ``locator``.</doc>
<msg timestamp="20231116 17:55:28.635" level="INFO">Clicking button 'Register'.</msg>
<status status="PASS" starttime="20231116 17:55:28.635" endtime="20231116 17:55:28.684"/>
</kw>
<status status="PASS" starttime="20231116 17:55:28.635" endtime="20231116 17:55:28.684"/>
</kw>
<kw name="Register Should Fail With Message">
<arg>Password should not contain only letters</arg>
<kw name="Register Page Should Be Open" library="resource">
<kw name="Title Should Be" library="SeleniumLibrary">
<arg>Register</arg>
<doc>Verifies that the current page title equals ``title``.</doc>
<msg timestamp="20231116 17:55:28.687" level="INFO">Page title is 'Register'.</msg>
<status status="PASS" starttime="20231116 17:55:28.684" endtime="20231116 17:55:28.687"/>
</kw>
<status status="PASS" starttime="20231116 17:55:28.684" endtime="20231116 17:55:28.687"/>
</kw>
<kw name="Page Should Contain" library="SeleniumLibrary">
<arg>${message}</arg>
<doc>Verifies that current page contains ``text``.</doc>
<msg timestamp="20231116 17:55:28.699" level="INFO">Current page contains text 'Password should not contain only letters'.</msg>
<status status="PASS" starttime="20231116 17:55:28.687" endtime="20231116 17:55:28.699"/>
</kw>
<status status="PASS" starttime="20231116 17:55:28.684" endtime="20231116 17:55:28.699"/>
</kw>
<status status="PASS" starttime="20231116 17:55:28.476" endtime="20231116 17:55:28.699"/>
</test>
<test id="s1-s3-t4" name="Register With Nonmatching Password And Password Confirmation" line="29">
<kw name="Go To Register Page" library="resource" type="SETUP">
<kw name="Go To" library="SeleniumLibrary">
<arg>${REGISTER_URL}</arg>
<doc>Navigates the current browser window to the provided ``url``.</doc>
<msg timestamp="20231116 17:55:28.700" level="INFO">Opening url 'http://localhost:5001/register'</msg>
<status status="PASS" starttime="20231116 17:55:28.700" endtime="20231116 17:55:28.715"/>
</kw>
<status status="PASS" starttime="20231116 17:55:28.700" endtime="20231116 17:55:28.715"/>
</kw>
<kw name="Set Username">
<arg>anssi</arg>
<kw name="Input Text" library="SeleniumLibrary">
<arg>username</arg>
<arg>${username}</arg>
<doc>Types the given ``text`` into the text field identified by ``locator``.</doc>
<msg timestamp="20231116 17:55:28.716" level="INFO">Typing text 'anssi' into text field 'username'.</msg>
<status status="PASS" starttime="20231116 17:55:28.716" endtime="20231116 17:55:28.767"/>
</kw>
<status status="PASS" starttime="20231116 17:55:28.716" endtime="20231116 17:55:28.767"/>
</kw>
<kw name="Set Password">
<arg>kela1972</arg>
<kw name="Input Password" library="SeleniumLibrary">
<arg>password</arg>
<arg>${password}</arg>
<doc>Types the given password into the text field identified by ``locator``.</doc>
<msg timestamp="20231116 17:55:28.768" level="INFO">Typing password into text field 'password'.</msg>
<msg timestamp="20231116 17:55:28.790" level="INFO">Temporally setting log level to: NONE</msg>
<msg timestamp="20231116 17:55:28.820" level="INFO">Log level changed from NONE to INFO.</msg>
<status status="PASS" starttime="20231116 17:55:28.768" endtime="20231116 17:55:28.820"/>
</kw>
<status status="PASS" starttime="20231116 17:55:28.768" endtime="20231116 17:55:28.820"/>
</kw>
<kw name="Set Password Confirmation">
<arg>kala1972</arg>
<kw name="Input Password" library="SeleniumLibrary">
<arg>password_confirmation</arg>
<arg>${password_confirmation}</arg>
<doc>Types the given password into the text field identified by ``locator``.</doc>
<msg timestamp="20231116 17:55:28.821" level="INFO">Typing password into text field 'password_confirmation'.</msg>
<msg timestamp="20231116 17:55:28.847" level="INFO">Temporally setting log level to: NONE</msg>
<msg timestamp="20231116 17:55:28.874" level="INFO">Log level changed from NONE to INFO.</msg>
<status status="PASS" starttime="20231116 17:55:28.821" endtime="20231116 17:55:28.874"/>
</kw>
<status status="PASS" starttime="20231116 17:55:28.821" endtime="20231116 17:55:28.874"/>
</kw>
<kw name="Submit Credentials">
<kw name="Click Button" library="SeleniumLibrary">
<arg>Register</arg>
<doc>Clicks the button identified by ``locator``.</doc>
<msg timestamp="20231116 17:55:28.876" level="INFO">Clicking button 'Register'.</msg>
<status status="PASS" starttime="20231116 17:55:28.875" endtime="20231116 17:55:28.925"/>
</kw>
<status status="PASS" starttime="20231116 17:55:28.874" endtime="20231116 17:55:28.925"/>
</kw>
<kw name="Register Should Fail With Message">
<arg>You entered two different passwords</arg>
<kw name="Register Page Should Be Open" library="resource">
<kw name="Title Should Be" library="SeleniumLibrary">
<arg>Register</arg>
<doc>Verifies that the current page title equals ``title``.</doc>
<msg timestamp="20231116 17:55:28.932" level="INFO">Page title is 'Register'.</msg>
<status status="PASS" starttime="20231116 17:55:28.927" endtime="20231116 17:55:28.932"/>
</kw>
<status status="PASS" starttime="20231116 17:55:28.927" endtime="20231116 17:55:28.932"/>
</kw>
<kw name="Page Should Contain" library="SeleniumLibrary">
<arg>${message}</arg>
<doc>Verifies that current page contains ``text``.</doc>
<msg timestamp="20231116 17:55:28.946" level="INFO">Current page contains text 'You entered two different passwords'.</msg>
<status status="PASS" starttime="20231116 17:55:28.932" endtime="20231116 17:55:28.946"/>
</kw>
<status status="PASS" starttime="20231116 17:55:28.926" endtime="20231116 17:55:28.946"/>
</kw>
<status status="PASS" starttime="20231116 17:55:28.699" endtime="20231116 17:55:28.946"/>
</test>
<test id="s1-s3-t5" name="Login After Successful Registration" line="37">
<kw name="Go To Register Page" library="resource" type="SETUP">
<kw name="Go To" library="SeleniumLibrary">
<arg>${REGISTER_URL}</arg>
<doc>Navigates the current browser window to the provided ``url``.</doc>
<msg timestamp="20231116 17:55:28.948" level="INFO">Opening url 'http://localhost:5001/register'</msg>
<status status="PASS" starttime="20231116 17:55:28.947" endtime="20231116 17:55:28.960"/>
</kw>
<status status="PASS" starttime="20231116 17:55:28.947" endtime="20231116 17:55:28.960"/>
</kw>
<kw name="Set Username">
<arg>juice</arg>
<kw name="Input Text" library="SeleniumLibrary">
<arg>username</arg>
<arg>${username}</arg>
<doc>Types the given ``text`` into the text field identified by ``locator``.</doc>
<msg timestamp="20231116 17:55:28.961" level="INFO">Typing text 'juice' into text field 'username'.</msg>
<status status="PASS" starttime="20231116 17:55:28.961" endtime="20231116 17:55:29.009"/>
</kw>
<status status="PASS" starttime="20231116 17:55:28.960" endtime="20231116 17:55:29.009"/>
</kw>
<kw name="Set Password">
<arg>le$kinen</arg>
<kw name="Input Password" library="SeleniumLibrary">
<arg>password</arg>
<arg>${password}</arg>
<doc>Types the given password into the text field identified by ``locator``.</doc>
<msg timestamp="20231116 17:55:29.011" level="INFO">Typing password into text field 'password'.</msg>
<msg timestamp="20231116 17:55:29.031" level="INFO">Temporally setting log level to: NONE</msg>
<msg timestamp="20231116 17:55:29.061" level="INFO">Log level changed from NONE to INFO.</msg>
<status status="PASS" starttime="20231116 17:55:29.010" endtime="20231116 17:55:29.061"/>
</kw>
<status status="PASS" starttime="20231116 17:55:29.010" endtime="20231116 17:55:29.061"/>
</kw>
<kw name="Set Password Confirmation">
<arg>le$kinen</arg>
<kw name="Input Password" library="SeleniumLibrary">
<arg>password_confirmation</arg>
<arg>${password_confirmation}</arg>
<doc>Types the given password into the text field identified by ``locator``.</doc>
<msg timestamp="20231116 17:55:29.062" level="INFO">Typing password into text field 'password_confirmation'.</msg>
<msg timestamp="20231116 17:55:29.085" level="INFO">Temporally setting log level to: NONE</msg>
<msg timestamp="20231116 17:55:29.111" level="INFO">Log level changed from NONE to INFO.</msg>
<status status="PASS" starttime="20231116 17:55:29.061" endtime="20231116 17:55:29.111"/>
</kw>
<status status="PASS" starttime="20231116 17:55:29.061" endtime="20231116 17:55:29.111"/>
</kw>
<kw name="Submit Credentials">
<kw name="Click Button" library="SeleniumLibrary">
<arg>Register</arg>
<doc>Clicks the button identified by ``locator``.</doc>
<msg timestamp="20231116 17:55:29.112" level="INFO">Clicking button 'Register'.</msg>
<status status="PASS" starttime="20231116 17:55:29.112" endtime="20231116 17:55:29.151"/>
</kw>
<status status="PASS" starttime="20231116 17:55:29.111" endtime="20231116 17:55:29.152"/>
</kw>
<kw name="Register Should Succeed">
<kw name="Welcome Page Should Be Open" library="resource">
<kw name="Title Should Be" library="SeleniumLibrary">
<arg>Welcome to Ohtu Application!</arg>
<doc>Verifies that the current page title equals ``title``.</doc>
<msg timestamp="20231116 17:55:29.162" level="INFO">Page title is 'Welcome to Ohtu Application!'.</msg>
<status status="PASS" starttime="20231116 17:55:29.152" endtime="20231116 17:55:29.162"/>
</kw>
<status status="PASS" starttime="20231116 17:55:29.152" endtime="20231116 17:55:29.162"/>
</kw>
<status status="PASS" starttime="20231116 17:55:29.152" endtime="20231116 17:55:29.162"/>
</kw>
<kw name="Go To Starting Page" library="resource">
<kw name="Go To" library="SeleniumLibrary">
<arg>${HOME_URL}</arg>
<doc>Navigates the current browser window to the provided ``url``.</doc>
<msg timestamp="20231116 17:55:29.163" level="INFO">Opening url 'http://localhost:5001'</msg>
<status status="PASS" starttime="20231116 17:55:29.163" endtime="20231116 17:55:29.182"/>
</kw>
<status status="PASS" starttime="20231116 17:55:29.162" endtime="20231116 17:55:29.182"/>
</kw>
<kw name="Click Link" library="SeleniumLibrary">
<arg>Login</arg>
<doc>Clicks a link identified by ``locator``.</doc>
<msg timestamp="20231116 17:55:29.184" level="INFO">Clicking link 'Login'.</msg>
<status status="PASS" starttime="20231116 17:55:29.183" endtime="20231116 17:55:29.237"/>
</kw>
<kw name="Login Page Should Be Open" library="resource">
<kw name="Title Should Be" library="SeleniumLibrary">
<arg>Login</arg>
<doc>Verifies that the current page title equals ``title``.</doc>
<msg timestamp="20231116 17:55:29.240" level="INFO">Page title is 'Login'.</msg>
<status status="PASS" starttime="20231116 17:55:29.237" endtime="20231116 17:55:29.240"/>
</kw>
<status status="PASS" starttime="20231116 17:55:29.237" endtime="20231116 17:55:29.240"/>
</kw>
<kw name="Input Text" library="SeleniumLibrary">
<arg>username</arg>
<arg>juice</arg>
<doc>Types the given ``text`` into the text field identified by ``locator``.</doc>
<msg timestamp="20231116 17:55:29.241" level="INFO">Typing text 'juice' into text field 'username'.</msg>
<status status="PASS" starttime="20231116 17:55:29.240" endtime="20231116 17:55:29.292"/>
</kw>
<kw name="Input Password" library="SeleniumLibrary">
<arg>password</arg>
<arg>le$kinen</arg>
<doc>Types the given password into the text field identified by ``locator``.</doc>
<msg timestamp="20231116 17:55:29.294" level="INFO">Typing password into text field 'password'.</msg>
<msg timestamp="20231116 17:55:29.315" level="INFO">Temporally setting log level to: NONE</msg>
<msg timestamp="20231116 17:55:29.344" level="INFO">Log level changed from NONE to INFO.</msg>
<status status="PASS" starttime="20231116 17:55:29.293" endtime="20231116 17:55:29.344"/>
</kw>
<kw name="Click Button" library="SeleniumLibrary">
<arg>Login</arg>
<doc>Clicks the button identified by ``locator``.</doc>
<msg timestamp="20231116 17:55:29.344" level="INFO">Clicking button 'Login'.</msg>
<status status="PASS" starttime="20231116 17:55:29.344" endtime="20231116 17:55:29.397"/>
</kw>
<kw name="Login Should Succeed">
<kw name="Main Page Should Be Open" library="resource">
<kw name="Title Should Be" library="SeleniumLibrary">
<arg>Ohtu Application main page</arg>
<doc>Verifies that the current page title equals ``title``.</doc>
<msg timestamp="20231116 17:55:29.406" level="INFO">Page title is 'Ohtu Application main page'.</msg>
<status status="PASS" starttime="20231116 17:55:29.398" endtime="20231116 17:55:29.406"/>
</kw>
<status status="PASS" starttime="20231116 17:55:29.398" endtime="20231116 17:55:29.406"/>
</kw>
<status status="PASS" starttime="20231116 17:55:29.397" endtime="20231116 17:55:29.406"/>
</kw>
<status status="PASS" starttime="20231116 17:55:28.947" endtime="20231116 17:55:29.406"/>
</test>
<test id="s1-s3-t6" name="Login After Failes Registration" line="52">
<kw name="Go To Register Page" library="resource" type="SETUP">
<kw name="Go To" library="SeleniumLibrary">
<arg>${REGISTER_URL}</arg>
<doc>Navigates the current browser window to the provided ``url``.</doc>
<msg timestamp="20231116 17:55:29.407" level="INFO">Opening url 'http://localhost:5001/register'</msg>
<status status="PASS" starttime="20231116 17:55:29.407" endtime="20231116 17:55:29.430"/>
</kw>
<status status="PASS" starttime="20231116 17:55:29.407" endtime="20231116 17:55:29.430"/>
</kw>
<kw name="Set Username">
<arg>Juice</arg>
<kw name="Input Text" library="SeleniumLibrary">
<arg>username</arg>
<arg>${username}</arg>
<doc>Types the given ``text`` into the text field identified by ``locator``.</doc>
<msg timestamp="20231116 17:55:29.431" level="INFO">Typing text 'Juice' into text field 'username'.</msg>
<status status="PASS" starttime="20231116 17:55:29.431" endtime="20231116 17:55:29.486"/>
</kw>
<status status="PASS" starttime="20231116 17:55:29.431" endtime="20231116 17:55:29.486"/>
</kw>
<kw name="Set Password">
<arg>leskinen</arg>
<kw name="Input Password" library="SeleniumLibrary">
<arg>password</arg>
<arg>${password}</arg>
<doc>Types the given password into the text field identified by ``locator``.</doc>
<msg timestamp="20231116 17:55:29.487" level="INFO">Typing password into text field 'password'.</msg>
<msg timestamp="20231116 17:55:29.510" level="INFO">Temporally setting log level to: NONE</msg>
<msg timestamp="20231116 17:55:29.536" level="INFO">Log level changed from NONE to INFO.</msg>
<status status="PASS" starttime="20231116 17:55:29.486" endtime="20231116 17:55:29.536"/>
</kw>
<status status="PASS" starttime="20231116 17:55:29.486" endtime="20231116 17:55:29.536"/>
</kw>
<kw name="Set Password Confirmation">
<arg>leskinen</arg>
<kw name="Input Password" library="SeleniumLibrary">
<arg>password_confirmation</arg>
<arg>${password_confirmation}</arg>
<doc>Types the given password into the text field identified by ``locator``.</doc>
<msg timestamp="20231116 17:55:29.537" level="INFO">Typing password into text field 'password_confirmation'.</msg>
<msg timestamp="20231116 17:55:29.560" level="INFO">Temporally setting log level to: NONE</msg>
<msg timestamp="20231116 17:55:29.586" level="INFO">Log level changed from NONE to INFO.</msg>
<status status="PASS" starttime="20231116 17:55:29.537" endtime="20231116 17:55:29.586"/>
</kw>
<status status="PASS" starttime="20231116 17:55:29.536" endtime="20231116 17:55:29.586"/>
</kw>
<kw name="Submit Credentials">
<kw name="Click Button" library="SeleniumLibrary">
<arg>Register</arg>
<doc>Clicks the button identified by ``locator``.</doc>
<msg timestamp="20231116 17:55:29.587" level="INFO">Clicking button 'Register'.</msg>
<status status="PASS" starttime="20231116 17:55:29.587" endtime="20231116 17:55:29.634"/>
</kw>
<status status="PASS" starttime="20231116 17:55:29.586" endtime="20231116 17:55:29.634"/>
</kw>
<kw name="Go To Starting Page" library="resource">
<kw name="Go To" library="SeleniumLibrary">
<arg>${HOME_URL}</arg>
<doc>Navigates the current browser window to the provided ``url``.</doc>
<msg timestamp="20231116 17:55:29.635" level="INFO">Opening url 'http://localhost:5001'</msg>
<status status="PASS" starttime="20231116 17:55:29.635" endtime="20231116 17:55:29.653"/>
</kw>
<status status="PASS" starttime="20231116 17:55:29.635" endtime="20231116 17:55:29.653"/>
</kw>
<kw name="Click Link" library="SeleniumLibrary">
<arg>Login</arg>
<doc>Clicks a link identified by ``locator``.</doc>
<msg timestamp="20231116 17:55:29.654" level="INFO">Clicking link 'Login'.</msg>
<status status="PASS" starttime="20231116 17:55:29.653" endtime="20231116 17:55:29.702"/>
</kw>
<kw name="Login Page Should Be Open" library="resource">
<kw name="Title Should Be" library="SeleniumLibrary">
<arg>Login</arg>
<doc>Verifies that the current page title equals ``title``.</doc>
<msg timestamp="20231116 17:55:29.706" level="INFO">Page title is 'Login'.</msg>
<status status="PASS" starttime="20231116 17:55:29.702" endtime="20231116 17:55:29.706"/>
</kw>
<status status="PASS" starttime="20231116 17:55:29.702" endtime="20231116 17:55:29.706"/>
</kw>
<kw name="Input Text" library="SeleniumLibrary">
<arg>username</arg>
<arg>Juice</arg>
<doc>Types the given ``text`` into the text field identified by ``locator``.</doc>
<msg timestamp="20231116 17:55:29.707" level="INFO">Typing text 'Juice' into text field 'username'.</msg>
<status status="PASS" starttime="20231116 17:55:29.706" endtime="20231116 17:55:29.762"/>
</kw>
<kw name="Input Password" library="SeleniumLibrary">
<arg>password</arg>
<arg>leskinen</arg>
<doc>Types the given password into the text field identified by ``locator``.</doc>
<msg timestamp="20231116 17:55:29.763" level="INFO">Typing password into text field 'password'.</msg>
<msg timestamp="20231116 17:55:29.786" level="INFO">Temporally setting log level to: NONE</msg>
<msg timestamp="20231116 17:55:29.815" level="INFO">Log level changed from NONE to INFO.</msg>
<status status="PASS" starttime="20231116 17:55:29.762" endtime="20231116 17:55:29.815"/>
</kw>
<kw name="Click Button" library="SeleniumLibrary">
<arg>Login</arg>
<doc>Clicks the button identified by ``locator``.</doc>
<msg timestamp="20231116 17:55:29.816" level="INFO">Clicking button 'Login'.</msg>
<status status="PASS" starttime="20231116 17:55:29.815" endtime="20231116 17:55:29.868"/>
</kw>
<kw name="Login Page Should Be Open" library="resource">
<kw name="Title Should Be" library="SeleniumLibrary">
<arg>Login</arg>
<doc>Verifies that the current page title equals ``title``.</doc>
<msg timestamp="20231116 17:55:29.871" level="INFO">Page title is 'Login'.</msg>
<status status="PASS" starttime="20231116 17:55:29.869" endtime="20231116 17:55:29.872"/>
</kw>
<status status="PASS" starttime="20231116 17:55:29.868" endtime="20231116 17:55:29.872"/>
</kw>
<kw name="Page Should Contain" library="SeleniumLibrary">
<arg>Invalid username or password</arg>
<doc>Verifies that current page contains ``text``.</doc>
<msg timestamp="20231116 17:55:29.886" level="INFO">Current page contains text 'Invalid username or password'.</msg>
<status status="PASS" starttime="20231116 17:55:29.872" endtime="20231116 17:55:29.886"/>
</kw>
<status status="PASS" starttime="20231116 17:55:29.406" endtime="20231116 17:55:29.886"/>
</test>
<kw name="Close Browser" library="SeleniumLibrary" type="TEARDOWN">
<doc>Closes the current browser.</doc>
<status status="PASS" starttime="20231116 17:55:29.887" endtime="20231116 17:55:29.952"/>
</kw>
<status status="PASS" starttime="20231116 17:55:26.744" endtime="20231116 17:55:29.953"/>
</suite>
<status status="PASS" starttime="20231116 17:55:23.244" endtime="20231116 17:55:29.954"/>
</suite>
<statistics>
<total>
<stat pass="11" fail="0" skip="0">All Tests</stat>
</total>
<tag>
</tag>
<suite>
<stat pass="11" fail="0" skip="0" id="s1" name="Tests">Tests</stat>
<stat pass="2" fail="0" skip="0" id="s1-s1" name="Home">Tests.Home</stat>
<stat pass="3" fail="0" skip="0" id="s1-s2" name="Login">Tests.Login</stat>
<stat pass="6" fail="0" skip="0" id="s1-s3" name="Register">Tests.Register</stat>
</suite>
</statistics>
<errors>
</errors>
</robot>
